2017-07-19 18:45:55.1344|0|Microsoft.Extensions.DependencyInjection.DataProtectionServices|INFO|User profile is available. Using 'C:\Users\Richard\AppData\Local\ASP.NET\DataProtection-Keys' as key repository and Windows DPAPI to encrypt keys at rest. 
2017-07-19 18:45:55.2311|3|Microsoft.AspNetCore.Hosting.Internal.WebHost|DEBUG|Hosting starting 
2017-07-19 18:45:55.3871|4|Microsoft.AspNetCore.Hosting.Internal.WebHost|DEBUG|Hosting started 
2017-07-19 18:45:55.5574|1|Microsoft.AspNetCore.Server.Kestrel|DEBUG|Connection id "0HL6EIDAN9ID8" started. 
2017-07-19 18:45:55.5614|1|Microsoft.AspNetCore.Server.Kestrel|DEBUG|Connection id "0HL6EIDAN9ID9" started. 
2017-07-19 18:45:55.6968|1|Microsoft.AspNetCore.Hosting.Internal.WebHost|INFO|Request starting HTTP/1.1 DEBUG http://localhost:2878/  0 
2017-07-19 18:45:55.6968|1|Microsoft.AspNetCore.Hosting.Internal.WebHost|INFO|Request starting HTTP/1.1 GET http://localhost:2878/   
2017-07-19 18:45:55.8703|9|Microsoft.AspNetCore.Server.Kestrel|DEBUG|Connection id "0HL6EIDAN9ID9" completed keep alive response. 
2017-07-19 18:45:55.8703|4|Microsoft.AspNetCore.StaticFiles.StaticFileMiddleware|DEBUG|The request path / does not match a supported file type 
2017-07-19 18:45:55.8813|2|Microsoft.AspNetCore.Hosting.Internal.WebHost|INFO|Request finished in 228.2671ms 200  
2017-07-19 18:45:55.9084|37|Microsoft.AspNetCore.DataProtection.Repositories.FileSystemXmlRepository|DEBUG|Reading data from file 'C:\Users\Richard\AppData\Local\ASP.NET\DataProtection-Keys\key-e3aae49c-869d-4c96-920b-9a774140b0dc.xml'. 
2017-07-19 18:45:55.9084|18|Microsoft.AspNetCore.DataProtection.KeyManagement.XmlKeyManager|DEBUG|Found key {e3aae49c-869d-4c96-920b-9a774140b0dc}. 
2017-07-19 18:45:55.9344|13|Microsoft.AspNetCore.DataProtection.KeyManagement.DefaultKeyResolver|DEBUG|Considering key {e3aae49c-869d-4c96-920b-9a774140b0dc} with expiration date 2017-10-17 03:59:36Z as default key. 
2017-07-19 18:45:55.9465|51|Microsoft.AspNetCore.DataProtection.XmlEncryption.DpapiXmlDecryptor|DEBUG|Decrypting secret element using Windows DPAPI. 
2017-07-19 18:45:55.9625|4|Microsoft.AspNetCore.DataProtection.AuthenticatedEncryption.ConfigurationModel.CngCbcAuthenticatedEncryptorDescriptor|DEBUG|Opening CNG algorithm 'AES' from provider '(null)' with chaining mode CBC. 
2017-07-19 18:45:55.9715|3|Microsoft.AspNetCore.DataProtection.AuthenticatedEncryption.ConfigurationModel.CngCbcAuthenticatedEncryptorDescriptor|DEBUG|Opening CNG algorithm 'SHA256' from provider '(null)' with HMAC. 
2017-07-19 18:45:55.9861|2|Microsoft.AspNetCore.DataProtection.KeyManagement.KeyRingProvider|DEBUG|Using key {e3aae49c-869d-4c96-920b-9a774140b0dc} as the default key. 
2017-07-19 18:45:55.9861|31|Microsoft.AspNetCore.DataProtection.KeyManagement.KeyRingBasedDataProtector|TRACE|Performing protect operation to key {e3aae49c-869d-4c96-920b-9a774140b0dc} with purposes ('D:\GitHub\Ace\src\DotNetCore\Chloe.Home', 'SessionMiddleware'). 
2017-07-19 18:45:56.0273|24|Microsoft.AspNetCore.ResponseCaching.ResponseCachingMiddleware|INFO|No cached response available for this request. 
2017-07-19 18:45:56.1236|1|Microsoft.AspNetCore.Routing.RouteBase|DEBUG|Request successfully matched the route with name 'default' and template '{controller=Home}/{action=Index}/{id?}'. 
2017-07-19 18:45:56.2118|1|Microsoft.AspNetCore.Mvc.Internal.ControllerActionInvoker|DEBUG|Executing action Chloe.Home.Controllers.HomeController.Index (Chloe.Home) 
2017-07-19 18:45:56.2640|1|Microsoft.AspNetCore.Mvc.Internal.ControllerActionInvoker|INFO|Executing action method Chloe.Home.Controllers.HomeController.Index (Chloe.Home) with arguments ((null)) - ModelState is Valid 
2017-07-19 18:45:56.2640|2|Microsoft.AspNetCore.Mvc.Internal.ControllerActionInvoker|DEBUG|Executed action method Chloe.Home.Controllers.HomeController.Index (Chloe.Home), returned result Microsoft.AspNetCore.Mvc.ViewResult. 
2017-07-19 18:45:56.3693|1|Microsoft.AspNetCore.Mvc.Razor.RazorViewEngine|DEBUG|View lookup cache miss for view 'Index' in controller 'Home'. 
2017-07-19 18:45:56.3883|1|Microsoft.AspNetCore.Mvc.Razor.Internal.RazorCompilationService|DEBUG|Code generation for the Razor file at '/Views/Home/Index.cshtml' started. 
2017-07-19 18:45:56.7856|2|Microsoft.AspNetCore.Mvc.Razor.Internal.RazorCompilationService|DEBUG|Code generation for the Razor file at '/Views/Home/Index.cshtml' completed in 390.1662ms. 
2017-07-19 18:45:56.7988|1|Microsoft.AspNetCore.Mvc.Razor.Internal.DefaultRoslynCompilationService|DEBUG|Compilation of the generated code for the Razor file at '/Views/Home/Index.cshtml' started. 
2017-07-19 18:45:57.8397|2|Microsoft.AspNetCore.Mvc.Razor.Internal.DefaultRoslynCompilationService|DEBUG|Compilation of the generated code for the Razor file at '/Views/Home/Index.cshtml' completed in 1036.5626ms. 
2017-07-19 18:45:57.8517|2|Microsoft.AspNetCore.Mvc.ViewFeatures.Internal.ViewResultExecutor|DEBUG|The view 'Index' was found. 
2017-07-19 18:45:57.8517|1|Microsoft.AspNetCore.Mvc.ViewFeatures.Internal.ViewResultExecutor|INFO|Executing ViewResult, running view at path /Views/Home/Index.cshtml. 
2017-07-19 18:45:58.0242|1|Microsoft.AspNetCore.Mvc.Razor.Internal.RazorCompilationService|DEBUG|Code generation for the Razor file at '/Views/Shared/_LayoutPage.cshtml' started. 
2017-07-19 18:45:58.0362|2|Microsoft.AspNetCore.Mvc.Razor.Internal.RazorCompilationService|DEBUG|Code generation for the Razor file at '/Views/Shared/_LayoutPage.cshtml' completed in 9.7754ms. 
2017-07-19 18:45:58.0362|1|Microsoft.AspNetCore.Mvc.Razor.Internal.DefaultRoslynCompilationService|DEBUG|Compilation of the generated code for the Razor file at '/Views/Shared/_LayoutPage.cshtml' started. 
2017-07-19 18:45:58.1135|2|Microsoft.AspNetCore.Mvc.Razor.Internal.DefaultRoslynCompilationService|DEBUG|Compilation of the generated code for the Razor file at '/Views/Shared/_LayoutPage.cshtml' completed in 72.1794ms. 
2017-07-19 18:45:58.2600|2|Microsoft.AspNetCore.Mvc.Internal.ControllerActionInvoker|INFO|Executed action Chloe.Home.Controllers.HomeController.Index (Chloe.Home) in 2044.419ms 
2017-07-19 18:45:58.2859|26|Microsoft.AspNetCore.ResponseCaching.ResponseCachingMiddleware|INFO|The response has been cached. 
2017-07-19 18:45:58.3545|1|Microsoft.AspNetCore.Hosting.Internal.WebHost|INFO|Request starting HTTP/1.1 GET http://localhost:2878/Content/bootstrap/bootstrap.min.css   
2017-07-19 18:45:58.3545|1|Microsoft.AspNetCore.Server.Kestrel|DEBUG|Connection id "0HL6EIDAN9IDB" started. 
2017-07-19 18:45:58.3812|1|Microsoft.AspNetCore.Hosting.Internal.WebHost|INFO|Request starting HTTP/1.1 GET http://localhost:2878/Content/css/layout-page.css   
2017-07-19 18:45:58.4022|1|Microsoft.AspNetCore.Server.Kestrel|DEBUG|Connection id "0HL6EIDAN9IDC" started. 
2017-07-19 18:45:58.4461|1|Microsoft.AspNetCore.Server.Kestrel|DEBUG|Connection id "0HL6EIDAN9IDA" started. 
2017-07-19 18:45:58.4240|1|Microsoft.AspNetCore.Server.Kestrel|DEBUG|Connection id "0HL6EIDAN9IDD" started. 
2017-07-19 18:45:58.4754|1|Microsoft.AspNetCore.Hosting.Internal.WebHost|INFO|Request starting HTTP/1.1 GET http://localhost:2878/Content/jquery/jquery-1.11.1.min.js   
2017-07-19 18:45:58.4975|1|Microsoft.AspNetCore.Hosting.Internal.WebHost|INFO|Request starting HTTP/1.1 GET http://localhost:2878/Content/css/font-awesome.min.css   
2017-07-19 18:45:58.5195|1|Microsoft.AspNetCore.Hosting.Internal.WebHost|INFO|Request starting HTTP/1.1 GET http://localhost:2878/Content/bootstrap/bootstrap.min.js   
2017-07-19 18:45:58.5759|2|Microsoft.AspNetCore.StaticFiles.StaticFileMiddleware|INFO|Sending file. Request path: '/Content/bootstrap/bootstrap.min.js'. Physical path: 'D:\GitHub\Ace\src\DotNetCore\Chloe.Home\wwwroot\Content\bootstrap\bootstrap.min.js' 
2017-07-19 18:45:58.5784|2|Microsoft.AspNetCore.StaticFiles.StaticFileMiddleware|INFO|Sending file. Request path: '/Content/css/layout-page.css'. Physical path: 'D:\GitHub\Ace\src\DotNetCore\Chloe.Home\wwwroot\Content\css\layout-page.css' 
2017-07-19 18:45:58.6015|2|Microsoft.AspNetCore.StaticFiles.StaticFileMiddleware|INFO|Sending file. Request path: '/Content/css/font-awesome.min.css'. Physical path: 'D:\GitHub\Ace\src\DotNetCore\Chloe.Home\wwwroot\Content\css\font-awesome.min.css' 
2017-07-19 18:45:58.6246|2|Microsoft.AspNetCore.StaticFiles.StaticFileMiddleware|INFO|Sending file. Request path: '/Content/jquery/jquery-1.11.1.min.js'. Physical path: 'D:\GitHub\Ace\src\DotNetCore\Chloe.Home\wwwroot\Content\jquery\jquery-1.11.1.min.js' 
2017-07-19 18:45:58.6456|9|Microsoft.AspNetCore.Server.Kestrel|DEBUG|Connection id "0HL6EIDAN9ID8" completed keep alive response. 
2017-07-19 18:45:58.6945|2|Microsoft.AspNetCore.Hosting.Internal.WebHost|INFO|Request finished in 3047.5995ms 200 text/html; charset=utf-8 
2017-07-19 18:45:58.7016|1|Microsoft.AspNetCore.Hosting.Internal.WebHost|INFO|Request starting HTTP/1.1 GET http://localhost:2878/Content/css/animate.min.css   
2017-07-19 18:45:58.7016|2|Microsoft.AspNetCore.StaticFiles.StaticFileMiddleware|INFO|Sending file. Request path: '/Content/css/animate.min.css'. Physical path: 'D:\GitHub\Ace\src\DotNetCore\Chloe.Home\wwwroot\Content\css\animate.min.css' 
2017-07-19 18:45:58.6667|2|Microsoft.AspNetCore.StaticFiles.StaticFileMiddleware|INFO|Sending file. Request path: '/Content/bootstrap/bootstrap.min.css'. Physical path: 'D:\GitHub\Ace\src\DotNetCore\Chloe.Home\wwwroot\Content\bootstrap\bootstrap.min.css' 
2017-07-19 18:45:58.7583|9|Microsoft.AspNetCore.Server.Kestrel|DEBUG|Connection id "0HL6EIDAN9IDA" completed keep alive response. 
2017-07-19 18:45:58.7824|9|Microsoft.AspNetCore.Server.Kestrel|DEBUG|Connection id "0HL6EIDAN9ID8" completed keep alive response. 
2017-07-19 18:45:58.7583|9|Microsoft.AspNetCore.Server.Kestrel|DEBUG|Connection id "0HL6EIDAN9IDD" completed keep alive response. 
2017-07-19 18:45:58.8265|2|Microsoft.AspNetCore.Hosting.Internal.WebHost|INFO|Request finished in 328.9365ms 200 text/css 
2017-07-19 18:45:58.8476|2|Microsoft.AspNetCore.Hosting.Internal.WebHost|INFO|Request finished in 106.2467ms 200 text/css 
2017-07-19 18:45:58.8044|9|Microsoft.AspNetCore.Server.Kestrel|DEBUG|Connection id "0HL6EIDAN9IDB" completed keep alive response. 
2017-07-19 18:45:58.8696|9|Microsoft.AspNetCore.Server.Kestrel|DEBUG|Connection id "0HL6EIDAN9IDC" completed keep alive response. 
2017-07-19 18:45:58.9393|2|Microsoft.AspNetCore.Hosting.Internal.WebHost|INFO|Request finished in 329.1177ms 200 application/javascript 
2017-07-19 18:45:58.9830|2|Microsoft.AspNetCore.Hosting.Internal.WebHost|INFO|Request finished in 468.6507ms 200 application/javascript 
2017-07-19 18:45:59.0241|1|Microsoft.AspNetCore.Hosting.Internal.WebHost|INFO|Request starting HTTP/1.1 GET http://localhost:2878/Content/js/header.js   
2017-07-19 18:45:59.0241|1|Microsoft.AspNetCore.Hosting.Internal.WebHost|INFO|Request starting HTTP/1.1 GET http://localhost:2878/Content/css/vegas.min.css   
2017-07-19 18:45:59.0311|9|Microsoft.AspNetCore.Server.Kestrel|DEBUG|Connection id "0HL6EIDAN9ID9" completed keep alive response. 
2017-07-19 18:45:59.0572|2|Microsoft.AspNetCore.Hosting.Internal.WebHost|INFO|Request finished in 699.9653ms 200 text/css 
2017-07-19 18:45:59.0788|2|Microsoft.AspNetCore.StaticFiles.StaticFileMiddleware|INFO|Sending file. Request path: '/Content/js/header.js'. Physical path: 'D:\GitHub\Ace\src\DotNetCore\Chloe.Home\wwwroot\Content\js\header.js' 
2017-07-19 18:45:59.1743|1|Microsoft.AspNetCore.Hosting.Internal.WebHost|INFO|Request starting HTTP/1.1 GET http://localhost:2878/Content/js/jquery.backstretch.min.js   
2017-07-19 18:45:59.1743|2|Microsoft.AspNetCore.Hosting.Internal.WebHost|INFO|Request finished in 536.785ms 200 text/css 
2017-07-19 18:45:59.2039|1|Microsoft.AspNetCore.Hosting.Internal.WebHost|INFO|Request starting HTTP/1.1 GET http://localhost:2878/Content/js/back-top.js   
2017-07-19 18:45:59.2039|1|Microsoft.AspNetCore.Hosting.Internal.WebHost|INFO|Request starting HTTP/1.1 GET http://localhost:2878/Content/css/index.css   
2017-07-19 18:45:59.2039|2|Microsoft.AspNetCore.StaticFiles.StaticFileMiddleware|INFO|Sending file. Request path: '/Content/js/back-top.js'. Physical path: 'D:\GitHub\Ace\src\DotNetCore\Chloe.Home\wwwroot\Content\js\back-top.js' 
2017-07-19 18:45:59.2346|2|Microsoft.AspNetCore.StaticFiles.StaticFileMiddleware|INFO|Sending file. Request path: '/Content/css/index.css'. Physical path: 'D:\GitHub\Ace\src\DotNetCore\Chloe.Home\wwwroot\Content\css\index.css' 
2017-07-19 18:45:59.2346|9|Microsoft.AspNetCore.Server.Kestrel|DEBUG|Connection id "0HL6EIDAN9ID8" completed keep alive response. 
2017-07-19 18:45:59.2586|2|Microsoft.AspNetCore.StaticFiles.StaticFileMiddleware|INFO|Sending file. Request path: '/Content/css/vegas.min.css'. Physical path: 'D:\GitHub\Ace\src\DotNetCore\Chloe.Home\wwwroot\Content\css\vegas.min.css' 
2017-07-19 18:45:59.2812|2|Microsoft.AspNetCore.StaticFiles.StaticFileMiddleware|INFO|Sending file. Request path: '/Content/js/jquery.backstretch.min.js'. Physical path: 'D:\GitHub\Ace\src\DotNetCore\Chloe.Home\wwwroot\Content\js\jquery.backstretch.min.js' 
2017-07-19 18:45:59.3308|9|Microsoft.AspNetCore.Server.Kestrel|DEBUG|Connection id "0HL6EIDAN9IDB" completed keep alive response. 
2017-07-19 18:45:59.4047|2|Microsoft.AspNetCore.Hosting.Internal.WebHost|INFO|Request finished in 197.3259ms 200 text/css 
2017-07-19 18:45:59.3541|9|Microsoft.AspNetCore.Server.Kestrel|DEBUG|Connection id "0HL6EIDAN9IDC" completed keep alive response. 
2017-07-19 18:45:59.3048|2|Microsoft.AspNetCore.Hosting.Internal.WebHost|INFO|Request finished in 363.5341ms 200 application/javascript 
2017-07-19 18:45:59.4378|9|Microsoft.AspNetCore.Server.Kestrel|DEBUG|Connection id "0HL6EIDAN9IDD" completed keep alive response. 
2017-07-19 18:45:59.4598|9|Microsoft.AspNetCore.Server.Kestrel|DEBUG|Connection id "0HL6EIDAN9IDA" completed keep alive response. 
2017-07-19 18:45:59.4814|2|Microsoft.AspNetCore.Hosting.Internal.WebHost|INFO|Request finished in 284.3675ms 200 application/javascript 
2017-07-19 18:45:59.5310|2|Microsoft.AspNetCore.Hosting.Internal.WebHost|INFO|Request finished in 541.0339ms 200 text/css 
2017-07-19 18:45:59.5777|1|Microsoft.AspNetCore.Hosting.Internal.WebHost|INFO|Request starting HTTP/1.1 GET http://localhost:2878/Content/images/ORMicon(330x330).png   
2017-07-19 18:45:59.6012|2|Microsoft.AspNetCore.Hosting.Internal.WebHost|INFO|Request finished in 310.1484ms 200 application/javascript 
2017-07-19 18:45:59.6012|1|Microsoft.AspNetCore.Hosting.Internal.WebHost|INFO|Request starting HTTP/1.1 GET http://localhost:2878/Content/js/wow.min.js   
2017-07-19 18:45:59.6494|1|Microsoft.AspNetCore.Hosting.Internal.WebHost|INFO|Request starting HTTP/1.1 GET http://localhost:2878/Content/js/vegas.min.js   
2017-07-19 18:45:59.6754|2|Microsoft.AspNetCore.StaticFiles.StaticFileMiddleware|INFO|Sending file. Request path: '/Content/js/wow.min.js'. Physical path: 'D:\GitHub\Ace\src\DotNetCore\Chloe.Home\wwwroot\Content\js\wow.min.js' 
2017-07-19 18:45:59.7173|2|Microsoft.AspNetCore.StaticFiles.StaticFileMiddleware|INFO|Sending file. Request path: '/Content/js/vegas.min.js'. Physical path: 'D:\GitHub\Ace\src\DotNetCore\Chloe.Home\wwwroot\Content\js\vegas.min.js' 
2017-07-19 18:45:59.6962|2|Microsoft.AspNetCore.StaticFiles.StaticFileMiddleware|INFO|Sending file. Request path: '/Content/images/ORMicon(330x330).png'. Physical path: 'D:\GitHub\Ace\src\DotNetCore\Chloe.Home\wwwroot\Content\images\ORMicon(330x330).png' 
2017-07-19 18:45:59.8059|1|Microsoft.AspNetCore.Hosting.Internal.WebHost|INFO|Request starting HTTP/1.1 GET http://localhost:2878/Content/images/ORMicon(200x200).png   
2017-07-19 18:45:59.8560|9|Microsoft.AspNetCore.Server.Kestrel|DEBUG|Connection id "0HL6EIDAN9ID9" completed keep alive response. 
2017-07-19 18:45:59.8580|1|Microsoft.AspNetCore.Hosting.Internal.WebHost|INFO|Request starting HTTP/1.1 GET http://localhost:2878/Content/js/index.js   
2017-07-19 18:45:59.9025|2|Microsoft.AspNetCore.Hosting.Internal.WebHost|INFO|Request finished in 421.4866ms 200 application/javascript 
2017-07-19 18:45:59.8806|2|Microsoft.AspNetCore.StaticFiles.StaticFileMiddleware|INFO|Sending file. Request path: '/Content/images/ORMicon(200x200).png'. Physical path: 'D:\GitHub\Ace\src\DotNetCore\Chloe.Home\wwwroot\Content\images\ORMicon(200x200).png' 
2017-07-19 18:45:59.9235|9|Microsoft.AspNetCore.Server.Kestrel|DEBUG|Connection id "0HL6EIDAN9IDC" completed keep alive response. 
2017-07-19 18:46:00.0155|2|Microsoft.AspNetCore.StaticFiles.StaticFileMiddleware|INFO|Sending file. Request path: '/Content/js/index.js'. Physical path: 'D:\GitHub\Ace\src\DotNetCore\Chloe.Home\wwwroot\Content\js\index.js' 
2017-07-19 18:46:00.0155|9|Microsoft.AspNetCore.Server.Kestrel|DEBUG|Connection id "0HL6EIDAN9ID8" completed keep alive response. 
2017-07-19 18:46:00.0425|2|Microsoft.AspNetCore.Hosting.Internal.WebHost|INFO|Request finished in 442.0541ms 200 application/javascript 
2017-07-19 18:46:00.0425|2|Microsoft.AspNetCore.Hosting.Internal.WebHost|INFO|Request finished in 439.4874ms 200 image/png 
2017-07-19 18:46:00.0666|9|Microsoft.AspNetCore.Server.Kestrel|DEBUG|Connection id "0HL6EIDAN9IDD" completed keep alive response. 
2017-07-19 18:46:00.0897|9|Microsoft.AspNetCore.Server.Kestrel|DEBUG|Connection id "0HL6EIDAN9IDB" completed keep alive response. 
2017-07-19 18:46:00.1849|2|Microsoft.AspNetCore.Hosting.Internal.WebHost|INFO|Request finished in 372.9989ms 200 image/png 
2017-07-19 18:46:00.1864|2|Microsoft.AspNetCore.Hosting.Internal.WebHost|INFO|Request finished in 255.2595ms 200 application/javascript 
2017-07-19 18:46:00.1864|1|Microsoft.AspNetCore.Hosting.Internal.WebHost|INFO|Request starting HTTP/1.1 GET http://localhost:2878/Content/images/slide-1.jpg   
2017-07-19 18:46:00.2393|2|Microsoft.AspNetCore.StaticFiles.StaticFileMiddleware|INFO|Sending file. Request path: '/Content/images/slide-1.jpg'. Physical path: 'D:\GitHub\Ace\src\DotNetCore\Chloe.Home\wwwroot\Content\images\slide-1.jpg' 
2017-07-19 18:46:00.2544|9|Microsoft.AspNetCore.Server.Kestrel|DEBUG|Connection id "0HL6EIDAN9IDA" completed keep alive response. 
2017-07-19 18:46:00.2544|2|Microsoft.AspNetCore.Hosting.Internal.WebHost|INFO|Request finished in 165.8016ms 200 image/jpeg 
2017-07-19 18:46:02.6643|1|Microsoft.AspNetCore.Hosting.Internal.WebHost|INFO|Request starting HTTP/1.1 GET http://localhost:2878/Content/fonts/fontawesome-webfont.woff2?v=4.4.0   
2017-07-19 18:46:02.6703|2|Microsoft.AspNetCore.StaticFiles.StaticFileMiddleware|INFO|Sending file. Request path: '/Content/fonts/fontawesome-webfont.woff2'. Physical path: 'D:\GitHub\Ace\src\DotNetCore\Chloe.Home\wwwroot\Content\fonts\fontawesome-webfont.woff2' 
2017-07-19 18:46:02.6703|9|Microsoft.AspNetCore.Server.Kestrel|DEBUG|Connection id "0HL6EIDAN9ID9" completed keep alive response. 
2017-07-19 18:46:02.6703|2|Microsoft.AspNetCore.Hosting.Internal.WebHost|INFO|Request finished in 15.1073ms 200 application/font-woff2 
2017-07-19 18:46:05.3833|1|Microsoft.AspNetCore.Hosting.Internal.WebHost|INFO|Request starting HTTP/1.1 GET http://localhost:2878/Content/images/slide-2.jpg   
2017-07-19 18:46:05.3914|2|Microsoft.AspNetCore.StaticFiles.StaticFileMiddleware|INFO|Sending file. Request path: '/Content/images/slide-2.jpg'. Physical path: 'D:\GitHub\Ace\src\DotNetCore\Chloe.Home\wwwroot\Content\images\slide-2.jpg' 
2017-07-19 18:46:05.4145|9|Microsoft.AspNetCore.Server.Kestrel|DEBUG|Connection id "0HL6EIDAN9IDC" completed keep alive response. 
2017-07-19 18:46:05.4145|2|Microsoft.AspNetCore.Hosting.Internal.WebHost|INFO|Request finished in 36.9388ms 200 image/jpeg 
2017-07-19 18:46:13.7025|1|Microsoft.AspNetCore.Hosting.Internal.WebHost|INFO|Request starting HTTP/1.1 GET http://localhost:2878/Wiki/Document   
2017-07-19 18:46:13.7025|4|Microsoft.AspNetCore.StaticFiles.StaticFileMiddleware|DEBUG|The request path /Wiki/Document does not match a supported file type 
2017-07-19 18:46:13.7025|31|Microsoft.AspNetCore.DataProtection.KeyManagement.KeyRingBasedDataProtector|TRACE|Performing protect operation to key {e3aae49c-869d-4c96-920b-9a774140b0dc} with purposes ('D:\GitHub\Ace\src\DotNetCore\Chloe.Home', 'SessionMiddleware'). 
2017-07-19 18:46:13.7025|24|Microsoft.AspNetCore.ResponseCaching.ResponseCachingMiddleware|INFO|No cached response available for this request. 
2017-07-19 18:46:13.7220|1|Microsoft.AspNetCore.Routing.RouteConstraintMatcher|DEBUG|Route value 'Wiki' with key 'area' did not match the constraint 'Microsoft.AspNetCore.Mvc.Routing.KnownRouteValueConstraint'. 
2017-07-19 18:46:13.7220|1|Microsoft.AspNetCore.Routing.RouteBase|DEBUG|Request successfully matched the route with name 'default' and template '{controller=Home}/{action=Index}/{id?}'. 
2017-07-19 18:46:13.7220|1|Microsoft.AspNetCore.Mvc.Internal.ControllerActionInvoker|DEBUG|Executing action Chloe.Home.Controllers.WikiController.Document (Chloe.Home) 
2017-07-19 18:46:13.7991|1|Microsoft.AspNetCore.Mvc.Internal.ControllerActionInvoker|INFO|Executing action method Chloe.Home.Controllers.WikiController.Document (Chloe.Home) with arguments () - ModelState is Valid 
2017-07-19 18:46:14.0682|2|Microsoft.AspNetCore.Mvc.Internal.ControllerActionInvoker|DEBUG|Executed action method Chloe.Home.Controllers.WikiController.Document (Chloe.Home), returned result Microsoft.AspNetCore.Mvc.ViewResult. 
2017-07-19 18:46:14.0682|1|Microsoft.AspNetCore.Mvc.Razor.RazorViewEngine|DEBUG|View lookup cache miss for view 'Document' in controller 'Wiki'. 
2017-07-19 18:46:14.0682|1|Microsoft.AspNetCore.Mvc.Razor.Internal.RazorCompilationService|DEBUG|Code generation for the Razor file at '/Views/Wiki/Document.cshtml' started. 
2017-07-19 18:46:14.1109|2|Microsoft.AspNetCore.Mvc.Razor.Internal.RazorCompilationService|DEBUG|Code generation for the Razor file at '/Views/Wiki/Document.cshtml' completed in 35.8832ms. 
2017-07-19 18:46:14.1109|1|Microsoft.AspNetCore.Mvc.Razor.Internal.DefaultRoslynCompilationService|DEBUG|Compilation of the generated code for the Razor file at '/Views/Wiki/Document.cshtml' started. 
2017-07-19 18:46:14.2347|2|Microsoft.AspNetCore.Mvc.Razor.Internal.DefaultRoslynCompilationService|DEBUG|Compilation of the generated code for the Razor file at '/Views/Wiki/Document.cshtml' completed in 120.1335ms. 
2017-07-19 18:46:14.2347|2|Microsoft.AspNetCore.Mvc.ViewFeatures.Internal.ViewResultExecutor|DEBUG|The view 'Document' was found. 
2017-07-19 18:46:14.2347|1|Microsoft.AspNetCore.Mvc.ViewFeatures.Internal.ViewResultExecutor|INFO|Executing ViewResult, running view at path /Views/Wiki/Document.cshtml. 
2017-07-19 18:46:14.2848|2|Microsoft.AspNetCore.Mvc.Internal.ControllerActionInvoker|INFO|Executed action Chloe.Home.Controllers.WikiController.Document (Chloe.Home) in 552.9565ms 
2017-07-19 18:46:14.2848|25|Microsoft.AspNetCore.ResponseCaching.ResponseCachingMiddleware|DEBUG|Vary by rules were updated. Headers: (null), Query keys: ID 
2017-07-19 18:46:14.2964|26|Microsoft.AspNetCore.ResponseCaching.ResponseCachingMiddleware|INFO|The response has been cached. 
2017-07-19 18:46:14.2964|9|Microsoft.AspNetCore.Server.Kestrel|DEBUG|Connection id "0HL6EIDAN9ID8" completed keep alive response. 
2017-07-19 18:46:14.2964|2|Microsoft.AspNetCore.Hosting.Internal.WebHost|INFO|Request finished in 604.8819ms 200 text/html; charset=utf-8 
2017-07-19 18:46:14.3184|1|Microsoft.AspNetCore.Hosting.Internal.WebHost|INFO|Request starting HTTP/1.1 GET http://localhost:2878/Content/editormd/css/editormd.min.css   
2017-07-19 18:46:14.3184|1|Microsoft.AspNetCore.Hosting.Internal.WebHost|INFO|Request starting HTTP/1.1 GET http://localhost:2878/Content/css/wx.css   
2017-07-19 18:46:14.3265|2|Microsoft.AspNetCore.StaticFiles.StaticFileMiddleware|INFO|Sending file. Request path: '/Content/editormd/css/editormd.min.css'. Physical path: 'D:\GitHub\Ace\src\DotNetCore\Chloe.Home\wwwroot\Content\editormd\css\editormd.min.css' 
2017-07-19 18:46:14.3265|2|Microsoft.AspNetCore.StaticFiles.StaticFileMiddleware|INFO|Sending file. Request path: '/Content/css/wx.css'. Physical path: 'D:\GitHub\Ace\src\DotNetCore\Chloe.Home\wwwroot\Content\css\wx.css' 
2017-07-19 18:46:14.3585|9|Microsoft.AspNetCore.Server.Kestrel|DEBUG|Connection id "0HL6EIDAN9IDB" completed keep alive response. 
2017-07-19 18:46:14.3585|1|Microsoft.AspNetCore.Hosting.Internal.WebHost|INFO|Request starting HTTP/1.1 GET http://localhost:2878/Content/editormd/lib/prettify.min.js   
2017-07-19 18:46:14.3585|2|Microsoft.AspNetCore.Hosting.Internal.WebHost|INFO|Request finished in 44.8838ms 200 text/css 
2017-07-19 18:46:14.3886|9|Microsoft.AspNetCore.Server.Kestrel|DEBUG|Connection id "0HL6EIDAN9IDD" completed keep alive response. 
2017-07-19 18:46:14.3886|2|Microsoft.AspNetCore.Hosting.Internal.WebHost|INFO|Request finished in 72.9122ms 200 text/css 
2017-07-19 18:46:14.4162|2|Microsoft.AspNetCore.StaticFiles.StaticFileMiddleware|INFO|Sending file. Request path: '/Content/editormd/lib/prettify.min.js'. Physical path: 'D:\GitHub\Ace\src\DotNetCore\Chloe.Home\wwwroot\Content\editormd\lib\prettify.min.js' 
2017-07-19 18:46:14.4453|9|Microsoft.AspNetCore.Server.Kestrel|DEBUG|Connection id "0HL6EIDAN9IDA" completed keep alive response. 
2017-07-19 18:46:14.4453|2|Microsoft.AspNetCore.Hosting.Internal.WebHost|INFO|Request finished in 87.1347ms 200 application/javascript 
2017-07-19 18:46:17.5834|1|Microsoft.AspNetCore.Hosting.Internal.WebHost|INFO|Request starting HTTP/1.1 GET http://localhost:2878/Wiki/Document/3324760360224817152   
2017-07-19 18:46:17.5834|4|Microsoft.AspNetCore.StaticFiles.StaticFileMiddleware|DEBUG|The request path /Wiki/Document/3324760360224817152 does not match a supported file type 
2017-07-19 18:46:17.5834|31|Microsoft.AspNetCore.DataProtection.KeyManagement.KeyRingBasedDataProtector|TRACE|Performing protect operation to key {e3aae49c-869d-4c96-920b-9a774140b0dc} with purposes ('D:\GitHub\Ace\src\DotNetCore\Chloe.Home', 'SessionMiddleware'). 
2017-07-19 18:46:17.5935|24|Microsoft.AspNetCore.ResponseCaching.ResponseCachingMiddleware|INFO|No cached response available for this request. 
2017-07-19 18:46:17.5935|1|Microsoft.AspNetCore.Routing.RouteConstraintMatcher|DEBUG|Route value 'Wiki' with key 'area' did not match the constraint 'Microsoft.AspNetCore.Mvc.Routing.KnownRouteValueConstraint'. 
2017-07-19 18:46:17.5935|1|Microsoft.AspNetCore.Routing.RouteBase|DEBUG|Request successfully matched the route with name 'default' and template '{controller=Home}/{action=Index}/{id?}'. 
2017-07-19 18:46:17.5935|1|Microsoft.AspNetCore.Mvc.Internal.ControllerActionInvoker|DEBUG|Executing action Chloe.Home.Controllers.WikiController.Document (Chloe.Home) 
2017-07-19 18:46:17.6371|1|Microsoft.AspNetCore.Mvc.Internal.ControllerActionInvoker|INFO|Executing action method Chloe.Home.Controllers.WikiController.Document (Chloe.Home) with arguments (3324760360224817152) - ModelState is Valid 
2017-07-19 18:46:17.6491|2|Microsoft.AspNetCore.Mvc.Internal.ControllerActionInvoker|DEBUG|Executed action method Chloe.Home.Controllers.WikiController.Document (Chloe.Home), returned result Microsoft.AspNetCore.Mvc.ViewResult. 
2017-07-19 18:46:17.6491|2|Microsoft.AspNetCore.Mvc.Razor.RazorViewEngine|DEBUG|View lookup cache hit for view 'Document' in controller 'Wiki'. 
2017-07-19 18:46:17.6491|2|Microsoft.AspNetCore.Mvc.ViewFeatures.Internal.ViewResultExecutor|DEBUG|The view 'Document' was found. 
2017-07-19 18:46:17.6571|1|Microsoft.AspNetCore.Mvc.ViewFeatures.Internal.ViewResultExecutor|INFO|Executing ViewResult, running view at path /Views/Wiki/Document.cshtml. 
2017-07-19 18:46:17.6732|2|Microsoft.AspNetCore.Mvc.Internal.ControllerActionInvoker|INFO|Executed action Chloe.Home.Controllers.WikiController.Document (Chloe.Home) in 67.1324ms 
2017-07-19 18:46:17.6732|25|Microsoft.AspNetCore.ResponseCaching.ResponseCachingMiddleware|DEBUG|Vary by rules were updated. Headers: (null), Query keys: ID 
2017-07-19 18:46:17.6732|26|Microsoft.AspNetCore.ResponseCaching.ResponseCachingMiddleware|INFO|The response has been cached. 
2017-07-19 18:46:17.6912|9|Microsoft.AspNetCore.Server.Kestrel|DEBUG|Connection id "0HL6EIDAN9ID9" completed keep alive response. 
2017-07-19 18:46:17.6912|2|Microsoft.AspNetCore.Hosting.Internal.WebHost|INFO|Request finished in 110.9133ms 200 text/html; charset=utf-8 
2017-07-19 18:46:22.8305|1|Microsoft.AspNetCore.Hosting.Internal.WebHost|INFO|Request starting HTTP/1.1 GET http://localhost:2878/Wiki/Document/3325873886481874944   
2017-07-19 18:46:22.8305|4|Microsoft.AspNetCore.StaticFiles.StaticFileMiddleware|DEBUG|The request path /Wiki/Document/3325873886481874944 does not match a supported file type 
2017-07-19 18:46:22.8305|31|Microsoft.AspNetCore.DataProtection.KeyManagement.KeyRingBasedDataProtector|TRACE|Performing protect operation to key {e3aae49c-869d-4c96-920b-9a774140b0dc} with purposes ('D:\GitHub\Ace\src\DotNetCore\Chloe.Home', 'SessionMiddleware'). 
2017-07-19 18:46:22.8305|24|Microsoft.AspNetCore.ResponseCaching.ResponseCachingMiddleware|INFO|No cached response available for this request. 
2017-07-19 18:46:22.8425|1|Microsoft.AspNetCore.Routing.RouteConstraintMatcher|DEBUG|Route value 'Wiki' with key 'area' did not match the constraint 'Microsoft.AspNetCore.Mvc.Routing.KnownRouteValueConstraint'. 
2017-07-19 18:46:22.8425|1|Microsoft.AspNetCore.Routing.RouteBase|DEBUG|Request successfully matched the route with name 'default' and template '{controller=Home}/{action=Index}/{id?}'. 
2017-07-19 18:46:22.8425|1|Microsoft.AspNetCore.Mvc.Internal.ControllerActionInvoker|DEBUG|Executing action Chloe.Home.Controllers.WikiController.Document (Chloe.Home) 
2017-07-19 18:46:22.8425|1|Microsoft.AspNetCore.Mvc.Internal.ControllerActionInvoker|INFO|Executing action method Chloe.Home.Controllers.WikiController.Document (Chloe.Home) with arguments (3325873886481874944) - ModelState is Valid 
2017-07-19 18:46:22.8606|2|Microsoft.AspNetCore.Mvc.Internal.ControllerActionInvoker|DEBUG|Executed action method Chloe.Home.Controllers.WikiController.Document (Chloe.Home), returned result Microsoft.AspNetCore.Mvc.ViewResult. 
2017-07-19 18:46:22.8606|2|Microsoft.AspNetCore.Mvc.Razor.RazorViewEngine|DEBUG|View lookup cache hit for view 'Document' in controller 'Wiki'. 
2017-07-19 18:46:22.8606|2|Microsoft.AspNetCore.Mvc.ViewFeatures.Internal.ViewResultExecutor|DEBUG|The view 'Document' was found. 
2017-07-19 18:46:22.8606|1|Microsoft.AspNetCore.Mvc.ViewFeatures.Internal.ViewResultExecutor|INFO|Executing ViewResult, running view at path /Views/Wiki/Document.cshtml. 
2017-07-19 18:46:22.8806|2|Microsoft.AspNetCore.Mvc.Internal.ControllerActionInvoker|INFO|Executed action Chloe.Home.Controllers.WikiController.Document (Chloe.Home) in 31.5216ms 
2017-07-19 18:46:22.8806|25|Microsoft.AspNetCore.ResponseCaching.ResponseCachingMiddleware|DEBUG|Vary by rules were updated. Headers: (null), Query keys: ID 
2017-07-19 18:46:22.8896|26|Microsoft.AspNetCore.ResponseCaching.ResponseCachingMiddleware|INFO|The response has been cached. 
2017-07-19 18:46:22.8896|9|Microsoft.AspNetCore.Server.Kestrel|DEBUG|Connection id "0HL6EIDAN9IDC" completed keep alive response. 
2017-07-19 18:46:22.8896|2|Microsoft.AspNetCore.Hosting.Internal.WebHost|INFO|Request finished in 72.9195ms 200 text/html; charset=utf-8 
2017-07-19 18:46:30.2532|1|Microsoft.AspNetCore.Hosting.Internal.WebHost|INFO|Request starting HTTP/1.1 GET http://localhost:2878/Wiki/Document/3324756912431431680   
2017-07-19 18:46:30.2532|4|Microsoft.AspNetCore.StaticFiles.StaticFileMiddleware|DEBUG|The request path /Wiki/Document/3324756912431431680 does not match a supported file type 
2017-07-19 18:46:30.2532|31|Microsoft.AspNetCore.DataProtection.KeyManagement.KeyRingBasedDataProtector|TRACE|Performing protect operation to key {e3aae49c-869d-4c96-920b-9a774140b0dc} with purposes ('D:\GitHub\Ace\src\DotNetCore\Chloe.Home', 'SessionMiddleware'). 
2017-07-19 18:46:30.2532|24|Microsoft.AspNetCore.ResponseCaching.ResponseCachingMiddleware|INFO|No cached response available for this request. 
2017-07-19 18:46:30.2663|1|Microsoft.AspNetCore.Routing.RouteConstraintMatcher|DEBUG|Route value 'Wiki' with key 'area' did not match the constraint 'Microsoft.AspNetCore.Mvc.Routing.KnownRouteValueConstraint'. 
2017-07-19 18:46:30.2663|1|Microsoft.AspNetCore.Routing.RouteBase|DEBUG|Request successfully matched the route with name 'default' and template '{controller=Home}/{action=Index}/{id?}'. 
2017-07-19 18:46:30.2663|1|Microsoft.AspNetCore.Mvc.Internal.ControllerActionInvoker|DEBUG|Executing action Chloe.Home.Controllers.WikiController.Document (Chloe.Home) 
2017-07-19 18:46:30.2663|1|Microsoft.AspNetCore.Mvc.Internal.ControllerActionInvoker|INFO|Executing action method Chloe.Home.Controllers.WikiController.Document (Chloe.Home) with arguments (3324756912431431680) - ModelState is Valid 
2017-07-19 18:46:30.2823|2|Microsoft.AspNetCore.Mvc.Internal.ControllerActionInvoker|DEBUG|Executed action method Chloe.Home.Controllers.WikiController.Document (Chloe.Home), returned result Microsoft.AspNetCore.Mvc.ViewResult. 
2017-07-19 18:46:30.2823|2|Microsoft.AspNetCore.Mvc.Razor.RazorViewEngine|DEBUG|View lookup cache hit for view 'Document' in controller 'Wiki'. 
2017-07-19 18:46:30.2823|2|Microsoft.AspNetCore.Mvc.ViewFeatures.Internal.ViewResultExecutor|DEBUG|The view 'Document' was found. 
2017-07-19 18:46:30.2823|1|Microsoft.AspNetCore.Mvc.ViewFeatures.Internal.ViewResultExecutor|INFO|Executing ViewResult, running view at path /Views/Wiki/Document.cshtml. 
2017-07-19 18:46:30.3044|2|Microsoft.AspNetCore.Mvc.Internal.ControllerActionInvoker|INFO|Executed action Chloe.Home.Controllers.WikiController.Document (Chloe.Home) in 32.1256ms 
2017-07-19 18:46:30.3044|25|Microsoft.AspNetCore.ResponseCaching.ResponseCachingMiddleware|DEBUG|Vary by rules were updated. Headers: (null), Query keys: ID 
2017-07-19 18:46:30.3114|26|Microsoft.AspNetCore.ResponseCaching.ResponseCachingMiddleware|INFO|The response has been cached. 
2017-07-19 18:46:30.3114|9|Microsoft.AspNetCore.Server.Kestrel|DEBUG|Connection id "0HL6EIDAN9ID8" completed keep alive response. 
2017-07-19 18:46:30.3114|2|Microsoft.AspNetCore.Hosting.Internal.WebHost|INFO|Request finished in 69.2609ms 200 text/html; charset=utf-8 
2017-07-19 18:46:32.2551|1|Microsoft.AspNetCore.Hosting.Internal.WebHost|INFO|Request starting HTTP/1.1 GET http://localhost:2878/Wiki/Document/3324761124187930624   
2017-07-19 18:46:32.2551|4|Microsoft.AspNetCore.StaticFiles.StaticFileMiddleware|DEBUG|The request path /Wiki/Document/3324761124187930624 does not match a supported file type 
2017-07-19 18:46:32.2551|31|Microsoft.AspNetCore.DataProtection.KeyManagement.KeyRingBasedDataProtector|TRACE|Performing protect operation to key {e3aae49c-869d-4c96-920b-9a774140b0dc} with purposes ('D:\GitHub\Ace\src\DotNetCore\Chloe.Home', 'SessionMiddleware'). 
2017-07-19 18:46:32.2651|24|Microsoft.AspNetCore.ResponseCaching.ResponseCachingMiddleware|INFO|No cached response available for this request. 
2017-07-19 18:46:32.2651|1|Microsoft.AspNetCore.Routing.RouteConstraintMatcher|DEBUG|Route value 'Wiki' with key 'area' did not match the constraint 'Microsoft.AspNetCore.Mvc.Routing.KnownRouteValueConstraint'. 
2017-07-19 18:46:32.2651|1|Microsoft.AspNetCore.Routing.RouteBase|DEBUG|Request successfully matched the route with name 'default' and template '{controller=Home}/{action=Index}/{id?}'. 
2017-07-19 18:46:32.2651|1|Microsoft.AspNetCore.Mvc.Internal.ControllerActionInvoker|DEBUG|Executing action Chloe.Home.Controllers.WikiController.Document (Chloe.Home) 
2017-07-19 18:46:32.2651|1|Microsoft.AspNetCore.Mvc.Internal.ControllerActionInvoker|INFO|Executing action method Chloe.Home.Controllers.WikiController.Document (Chloe.Home) with arguments (3324761124187930624) - ModelState is Valid 
2017-07-19 18:46:32.2852|2|Microsoft.AspNetCore.Mvc.Internal.ControllerActionInvoker|DEBUG|Executed action method Chloe.Home.Controllers.WikiController.Document (Chloe.Home), returned result Microsoft.AspNetCore.Mvc.ViewResult. 
2017-07-19 18:46:32.2852|2|Microsoft.AspNetCore.Mvc.Razor.RazorViewEngine|DEBUG|View lookup cache hit for view 'Document' in controller 'Wiki'. 
2017-07-19 18:46:32.2852|2|Microsoft.AspNetCore.Mvc.ViewFeatures.Internal.ViewResultExecutor|DEBUG|The view 'Document' was found. 
2017-07-19 18:46:32.2852|1|Microsoft.AspNetCore.Mvc.ViewFeatures.Internal.ViewResultExecutor|INFO|Executing ViewResult, running view at path /Views/Wiki/Document.cshtml. 
2017-07-19 18:46:32.3040|2|Microsoft.AspNetCore.Mvc.Internal.ControllerActionInvoker|INFO|Executed action Chloe.Home.Controllers.WikiController.Document (Chloe.Home) in 27.9097ms 
2017-07-19 18:46:32.3040|25|Microsoft.AspNetCore.ResponseCaching.ResponseCachingMiddleware|DEBUG|Vary by rules were updated. Headers: (null), Query keys: ID 
2017-07-19 18:46:32.3040|26|Microsoft.AspNetCore.ResponseCaching.ResponseCachingMiddleware|INFO|The response has been cached. 
2017-07-19 18:46:32.3195|9|Microsoft.AspNetCore.Server.Kestrel|DEBUG|Connection id "0HL6EIDAN9IDD" completed keep alive response. 
2017-07-19 18:46:32.3195|2|Microsoft.AspNetCore.Hosting.Internal.WebHost|INFO|Request finished in 67.3481ms 200 text/html; charset=utf-8 
2017-07-19 18:46:33.9098|1|Microsoft.AspNetCore.Hosting.Internal.WebHost|INFO|Request starting HTTP/1.1 GET http://localhost:2878/Home/UpgradeNotes/3325175022200291328   
2017-07-19 18:46:33.9098|4|Microsoft.AspNetCore.StaticFiles.StaticFileMiddleware|DEBUG|The request path /Home/UpgradeNotes/3325175022200291328 does not match a supported file type 
2017-07-19 18:46:33.9098|31|Microsoft.AspNetCore.DataProtection.KeyManagement.KeyRingBasedDataProtector|TRACE|Performing protect operation to key {e3aae49c-869d-4c96-920b-9a774140b0dc} with purposes ('D:\GitHub\Ace\src\DotNetCore\Chloe.Home', 'SessionMiddleware'). 
2017-07-19 18:46:33.9098|24|Microsoft.AspNetCore.ResponseCaching.ResponseCachingMiddleware|INFO|No cached response available for this request. 
2017-07-19 18:46:33.9233|1|Microsoft.AspNetCore.Routing.RouteConstraintMatcher|DEBUG|Route value 'Home' with key 'area' did not match the constraint 'Microsoft.AspNetCore.Mvc.Routing.KnownRouteValueConstraint'. 
2017-07-19 18:46:33.9233|1|Microsoft.AspNetCore.Routing.RouteBase|DEBUG|Request successfully matched the route with name 'default' and template '{controller=Home}/{action=Index}/{id?}'. 
2017-07-19 18:46:33.9233|1|Microsoft.AspNetCore.Mvc.Internal.ControllerActionInvoker|DEBUG|Executing action Chloe.Home.Controllers.HomeController.UpgradeNotes (Chloe.Home) 
2017-07-19 18:46:33.9233|1|Microsoft.AspNetCore.Mvc.Internal.ControllerActionInvoker|INFO|Executing action method Chloe.Home.Controllers.HomeController.UpgradeNotes (Chloe.Home) with arguments (3325175022200291328) - ModelState is Valid 
2017-07-19 18:46:33.9405|2|Microsoft.AspNetCore.Mvc.Internal.ControllerActionInvoker|DEBUG|Executed action method Chloe.Home.Controllers.HomeController.UpgradeNotes (Chloe.Home), returned result Microsoft.AspNetCore.Mvc.ViewResult. 
2017-07-19 18:46:33.9405|1|Microsoft.AspNetCore.Mvc.Razor.RazorViewEngine|DEBUG|View lookup cache miss for view 'UpgradeNotes' in controller 'Home'. 
2017-07-19 18:46:33.9405|1|Microsoft.AspNetCore.Mvc.Razor.Internal.RazorCompilationService|DEBUG|Code generation for the Razor file at '/Views/Home/UpgradeNotes.cshtml' started. 
2017-07-19 18:46:33.9525|2|Microsoft.AspNetCore.Mvc.Razor.Internal.RazorCompilationService|DEBUG|Code generation for the Razor file at '/Views/Home/UpgradeNotes.cshtml' completed in 4.3919ms. 
2017-07-19 18:46:33.9525|1|Microsoft.AspNetCore.Mvc.Razor.Internal.DefaultRoslynCompilationService|DEBUG|Compilation of the generated code for the Razor file at '/Views/Home/UpgradeNotes.cshtml' started. 
2017-07-19 18:46:34.0006|2|Microsoft.AspNetCore.Mvc.Razor.Internal.DefaultRoslynCompilationService|DEBUG|Compilation of the generated code for the Razor file at '/Views/Home/UpgradeNotes.cshtml' completed in 41.7968ms. 
2017-07-19 18:46:34.0006|2|Microsoft.AspNetCore.Mvc.ViewFeatures.Internal.ViewResultExecutor|DEBUG|The view 'UpgradeNotes' was found. 
2017-07-19 18:46:34.0006|1|Microsoft.AspNetCore.Mvc.ViewFeatures.Internal.ViewResultExecutor|INFO|Executing ViewResult, running view at path /Views/Home/UpgradeNotes.cshtml. 
2017-07-19 18:46:34.0227|2|Microsoft.AspNetCore.Mvc.Internal.ControllerActionInvoker|INFO|Executed action Chloe.Home.Controllers.HomeController.UpgradeNotes (Chloe.Home) in 92.4133ms 
2017-07-19 18:46:34.0227|25|Microsoft.AspNetCore.ResponseCaching.ResponseCachingMiddleware|DEBUG|Vary by rules were updated. Headers: (null), Query keys: ID 
2017-07-19 18:46:34.0227|26|Microsoft.AspNetCore.ResponseCaching.ResponseCachingMiddleware|INFO|The response has been cached. 
2017-07-19 18:46:34.0355|9|Microsoft.AspNetCore.Server.Kestrel|DEBUG|Connection id "0HL6EIDAN9IDB" completed keep alive response. 
2017-07-19 18:46:34.0355|2|Microsoft.AspNetCore.Hosting.Internal.WebHost|INFO|Request finished in 128.7011ms 200 text/html; charset=utf-8 
2017-07-19 18:46:35.5676|1|Microsoft.AspNetCore.Hosting.Internal.WebHost|INFO|Request starting HTTP/1.1 GET http://localhost:2878/Content/editormd/fonts/fontawesome-webfont.woff2?v=4.3.0   
2017-07-19 18:46:35.5676|2|Microsoft.AspNetCore.StaticFiles.StaticFileMiddleware|INFO|Sending file. Request path: '/Content/editormd/fonts/fontawesome-webfont.woff2'. Physical path: 'D:\GitHub\Ace\src\DotNetCore\Chloe.Home\wwwroot\Content\editormd\fonts\fontawesome-webfont.woff2' 
2017-07-19 18:46:35.5797|9|Microsoft.AspNetCore.Server.Kestrel|DEBUG|Connection id "0HL6EIDAN9IDA" completed keep alive response. 
2017-07-19 18:46:35.5797|2|Microsoft.AspNetCore.Hosting.Internal.WebHost|INFO|Request finished in 14.991ms 200 application/font-woff2 
2017-07-19 18:47:06.5977|1|Microsoft.AspNetCore.Hosting.Internal.WebHost|INFO|Request starting HTTP/1.1 GET http://localhost:2878/   
2017-07-19 18:47:06.5977|4|Microsoft.AspNetCore.StaticFiles.StaticFileMiddleware|DEBUG|The request path / does not match a supported file type 
2017-07-19 18:47:06.6107|31|Microsoft.AspNetCore.DataProtection.KeyManagement.KeyRingBasedDataProtector|TRACE|Performing protect operation to key {e3aae49c-869d-4c96-920b-9a774140b0dc} with purposes ('D:\GitHub\Ace\src\DotNetCore\Chloe.Home', 'SessionMiddleware'). 
2017-07-19 18:47:06.6107|24|Microsoft.AspNetCore.ResponseCaching.ResponseCachingMiddleware|INFO|No cached response available for this request. 
2017-07-19 18:47:06.6247|1|Microsoft.AspNetCore.Routing.RouteBase|DEBUG|Request successfully matched the route with name 'default' and template '{controller=Home}/{action=Index}/{id?}'. 
2017-07-19 18:47:06.6247|1|Microsoft.AspNetCore.Mvc.Internal.ControllerActionInvoker|DEBUG|Executing action Chloe.Home.Controllers.HomeController.Index (Chloe.Home) 
2017-07-19 18:47:06.6247|1|Microsoft.AspNetCore.Mvc.Internal.ControllerActionInvoker|INFO|Executing action method Chloe.Home.Controllers.HomeController.Index (Chloe.Home) with arguments ((null)) - ModelState is Valid 
2017-07-19 18:47:06.6247|2|Microsoft.AspNetCore.Mvc.Internal.ControllerActionInvoker|DEBUG|Executed action method Chloe.Home.Controllers.HomeController.Index (Chloe.Home), returned result Microsoft.AspNetCore.Mvc.ViewResult. 
2017-07-19 18:47:06.6247|2|Microsoft.AspNetCore.Mvc.Razor.RazorViewEngine|DEBUG|View lookup cache hit for view 'Index' in controller 'Home'. 
2017-07-19 18:47:06.6408|2|Microsoft.AspNetCore.Mvc.ViewFeatures.Internal.ViewResultExecutor|DEBUG|The view 'Index' was found. 
2017-07-19 18:47:06.6408|1|Microsoft.AspNetCore.Mvc.ViewFeatures.Internal.ViewResultExecutor|INFO|Executing ViewResult, running view at path /Views/Home/Index.cshtml. 
2017-07-19 18:47:06.6578|2|Microsoft.AspNetCore.Mvc.Internal.ControllerActionInvoker|INFO|Executed action Chloe.Home.Controllers.HomeController.Index (Chloe.Home) in 27.7865ms 
2017-07-19 18:47:06.6578|26|Microsoft.AspNetCore.ResponseCaching.ResponseCachingMiddleware|INFO|The response has been cached. 
2017-07-19 18:47:06.6729|9|Microsoft.AspNetCore.Server.Kestrel|DEBUG|Connection id "0HL6EIDAN9ID9" completed keep alive response. 
2017-07-19 18:47:06.6729|2|Microsoft.AspNetCore.Hosting.Internal.WebHost|INFO|Request finished in 78.2071ms 200 text/html; charset=utf-8 
2017-07-19 18:47:12.9802|1|Microsoft.AspNetCore.Hosting.Internal.WebHost|INFO|Request starting HTTP/1.1 GET http://localhost:2878/Wiki/Document/3325507078541279232   
2017-07-19 18:47:12.9852|4|Microsoft.AspNetCore.StaticFiles.StaticFileMiddleware|DEBUG|The request path /Wiki/Document/3325507078541279232 does not match a supported file type 
2017-07-19 18:47:13.0023|31|Microsoft.AspNetCore.DataProtection.KeyManagement.KeyRingBasedDataProtector|TRACE|Performing protect operation to key {e3aae49c-869d-4c96-920b-9a774140b0dc} with purposes ('D:\GitHub\Ace\src\DotNetCore\Chloe.Home', 'SessionMiddleware'). 
2017-07-19 18:47:13.0023|24|Microsoft.AspNetCore.ResponseCaching.ResponseCachingMiddleware|INFO|No cached response available for this request. 
2017-07-19 18:47:13.0023|1|Microsoft.AspNetCore.Routing.RouteConstraintMatcher|DEBUG|Route value 'Wiki' with key 'area' did not match the constraint 'Microsoft.AspNetCore.Mvc.Routing.KnownRouteValueConstraint'. 
2017-07-19 18:47:13.0023|1|Microsoft.AspNetCore.Routing.RouteBase|DEBUG|Request successfully matched the route with name 'default' and template '{controller=Home}/{action=Index}/{id?}'. 
2017-07-19 18:47:13.0023|1|Microsoft.AspNetCore.Mvc.Internal.ControllerActionInvoker|DEBUG|Executing action Chloe.Home.Controllers.WikiController.Document (Chloe.Home) 
2017-07-19 18:47:13.0143|1|Microsoft.AspNetCore.Mvc.Internal.ControllerActionInvoker|INFO|Executing action method Chloe.Home.Controllers.WikiController.Document (Chloe.Home) with arguments (3325507078541279232) - ModelState is Valid 
2017-07-19 18:47:13.0143|2|Microsoft.AspNetCore.Mvc.Internal.ControllerActionInvoker|DEBUG|Executed action method Chloe.Home.Controllers.WikiController.Document (Chloe.Home), returned result Microsoft.AspNetCore.Mvc.ViewResult. 
2017-07-19 18:47:13.0143|2|Microsoft.AspNetCore.Mvc.Razor.RazorViewEngine|DEBUG|View lookup cache hit for view 'Document' in controller 'Wiki'. 
2017-07-19 18:47:13.0143|2|Microsoft.AspNetCore.Mvc.ViewFeatures.Internal.ViewResultExecutor|DEBUG|The view 'Document' was found. 
2017-07-19 18:47:13.0313|1|Microsoft.AspNetCore.Mvc.ViewFeatures.Internal.ViewResultExecutor|INFO|Executing ViewResult, running view at path /Views/Wiki/Document.cshtml. 
2017-07-19 18:47:13.0474|2|Microsoft.AspNetCore.Mvc.Internal.ControllerActionInvoker|INFO|Executed action Chloe.Home.Controllers.WikiController.Document (Chloe.Home) in 32.4492ms 
2017-07-19 18:47:13.0474|25|Microsoft.AspNetCore.ResponseCaching.ResponseCachingMiddleware|DEBUG|Vary by rules were updated. Headers: (null), Query keys: ID 
2017-07-19 18:47:13.0474|26|Microsoft.AspNetCore.ResponseCaching.ResponseCachingMiddleware|INFO|The response has been cached. 
2017-07-19 18:47:13.0474|9|Microsoft.AspNetCore.Server.Kestrel|DEBUG|Connection id "0HL6EIDAN9IDC" completed keep alive response. 
2017-07-19 18:47:13.0624|2|Microsoft.AspNetCore.Hosting.Internal.WebHost|INFO|Request finished in 80.7933ms 200 text/html; charset=utf-8 
2017-07-19 18:47:14.2861|1|Microsoft.AspNetCore.Hosting.Internal.WebHost|INFO|Request starting HTTP/1.1 GET http://localhost:2878/Wiki/Document/3325512137098395648   
2017-07-19 18:47:14.2861|4|Microsoft.AspNetCore.StaticFiles.StaticFileMiddleware|DEBUG|The request path /Wiki/Document/3325512137098395648 does not match a supported file type 
2017-07-19 18:47:14.2861|31|Microsoft.AspNetCore.DataProtection.KeyManagement.KeyRingBasedDataProtector|TRACE|Performing protect operation to key {e3aae49c-869d-4c96-920b-9a774140b0dc} with purposes ('D:\GitHub\Ace\src\DotNetCore\Chloe.Home', 'SessionMiddleware'). 
2017-07-19 18:47:14.2861|24|Microsoft.AspNetCore.ResponseCaching.ResponseCachingMiddleware|INFO|No cached response available for this request. 
2017-07-19 18:47:14.2961|1|Microsoft.AspNetCore.Routing.RouteConstraintMatcher|DEBUG|Route value 'Wiki' with key 'area' did not match the constraint 'Microsoft.AspNetCore.Mvc.Routing.KnownRouteValueConstraint'. 
2017-07-19 18:47:14.2961|1|Microsoft.AspNetCore.Routing.RouteBase|DEBUG|Request successfully matched the route with name 'default' and template '{controller=Home}/{action=Index}/{id?}'. 
2017-07-19 18:47:14.2961|1|Microsoft.AspNetCore.Mvc.Internal.ControllerActionInvoker|DEBUG|Executing action Chloe.Home.Controllers.WikiController.Document (Chloe.Home) 
2017-07-19 18:47:14.2961|1|Microsoft.AspNetCore.Mvc.Internal.ControllerActionInvoker|INFO|Executing action method Chloe.Home.Controllers.WikiController.Document (Chloe.Home) with arguments (3325512137098395648) - ModelState is Valid 
2017-07-19 18:47:14.2961|2|Microsoft.AspNetCore.Mvc.Internal.ControllerActionInvoker|DEBUG|Executed action method Chloe.Home.Controllers.WikiController.Document (Chloe.Home), returned result Microsoft.AspNetCore.Mvc.ViewResult. 
2017-07-19 18:47:14.3122|2|Microsoft.AspNetCore.Mvc.Razor.RazorViewEngine|DEBUG|View lookup cache hit for view 'Document' in controller 'Wiki'. 
2017-07-19 18:47:14.3122|2|Microsoft.AspNetCore.Mvc.ViewFeatures.Internal.ViewResultExecutor|DEBUG|The view 'Document' was found. 
2017-07-19 18:47:14.3122|1|Microsoft.AspNetCore.Mvc.ViewFeatures.Internal.ViewResultExecutor|INFO|Executing ViewResult, running view at path /Views/Wiki/Document.cshtml. 
2017-07-19 18:47:14.3272|2|Microsoft.AspNetCore.Mvc.Internal.ControllerActionInvoker|INFO|Executed action Chloe.Home.Controllers.WikiController.Document (Chloe.Home) in 24.9936ms 
2017-07-19 18:47:14.3272|25|Microsoft.AspNetCore.ResponseCaching.ResponseCachingMiddleware|DEBUG|Vary by rules were updated. Headers: (null), Query keys: ID 
2017-07-19 18:47:14.3272|26|Microsoft.AspNetCore.ResponseCaching.ResponseCachingMiddleware|INFO|The response has been cached. 
2017-07-19 18:47:14.3272|9|Microsoft.AspNetCore.Server.Kestrel|DEBUG|Connection id "0HL6EIDAN9ID8" completed keep alive response. 
2017-07-19 18:47:14.3272|2|Microsoft.AspNetCore.Hosting.Internal.WebHost|INFO|Request finished in 55.427ms 200 text/html; charset=utf-8 
2017-07-19 18:47:15.1839|1|Microsoft.AspNetCore.Hosting.Internal.WebHost|INFO|Request starting HTTP/1.1 GET http://localhost:2878/Wiki/Document/3337853076894646272   
2017-07-19 18:47:15.1899|4|Microsoft.AspNetCore.StaticFiles.StaticFileMiddleware|DEBUG|The request path /Wiki/Document/3337853076894646272 does not match a supported file type 
2017-07-19 18:47:15.1899|31|Microsoft.AspNetCore.DataProtection.KeyManagement.KeyRingBasedDataProtector|TRACE|Performing protect operation to key {e3aae49c-869d-4c96-920b-9a774140b0dc} with purposes ('D:\GitHub\Ace\src\DotNetCore\Chloe.Home', 'SessionMiddleware'). 
2017-07-19 18:47:15.1899|24|Microsoft.AspNetCore.ResponseCaching.ResponseCachingMiddleware|INFO|No cached response available for this request. 
2017-07-19 18:47:15.1899|1|Microsoft.AspNetCore.Routing.RouteConstraintMatcher|DEBUG|Route value 'Wiki' with key 'area' did not match the constraint 'Microsoft.AspNetCore.Mvc.Routing.KnownRouteValueConstraint'. 
2017-07-19 18:47:15.2019|1|Microsoft.AspNetCore.Routing.RouteBase|DEBUG|Request successfully matched the route with name 'default' and template '{controller=Home}/{action=Index}/{id?}'. 
2017-07-19 18:47:15.2019|1|Microsoft.AspNetCore.Mvc.Internal.ControllerActionInvoker|DEBUG|Executing action Chloe.Home.Controllers.WikiController.Document (Chloe.Home) 
2017-07-19 18:47:15.2019|1|Microsoft.AspNetCore.Mvc.Internal.ControllerActionInvoker|INFO|Executing action method Chloe.Home.Controllers.WikiController.Document (Chloe.Home) with arguments (3337853076894646272) - ModelState is Valid 
2017-07-19 18:47:15.2210|2|Microsoft.AspNetCore.Mvc.Internal.ControllerActionInvoker|DEBUG|Executed action method Chloe.Home.Controllers.WikiController.Document (Chloe.Home), returned result Microsoft.AspNetCore.Mvc.ViewResult. 
2017-07-19 18:47:15.2210|2|Microsoft.AspNetCore.Mvc.Razor.RazorViewEngine|DEBUG|View lookup cache hit for view 'Document' in controller 'Wiki'. 
2017-07-19 18:47:15.2210|2|Microsoft.AspNetCore.Mvc.ViewFeatures.Internal.ViewResultExecutor|DEBUG|The view 'Document' was found. 
2017-07-19 18:47:15.2210|1|Microsoft.AspNetCore.Mvc.ViewFeatures.Internal.ViewResultExecutor|INFO|Executing ViewResult, running view at path /Views/Wiki/Document.cshtml. 
2017-07-19 18:47:15.2490|2|Microsoft.AspNetCore.Mvc.Internal.ControllerActionInvoker|INFO|Executed action Chloe.Home.Controllers.WikiController.Document (Chloe.Home) in 41.963ms 
2017-07-19 18:47:15.2490|25|Microsoft.AspNetCore.ResponseCaching.ResponseCachingMiddleware|DEBUG|Vary by rules were updated. Headers: (null), Query keys: ID 
2017-07-19 18:47:15.2490|26|Microsoft.AspNetCore.ResponseCaching.ResponseCachingMiddleware|INFO|The response has been cached. 
2017-07-19 18:47:15.2706|9|Microsoft.AspNetCore.Server.Kestrel|DEBUG|Connection id "0HL6EIDAN9IDD" completed keep alive response. 
2017-07-19 18:47:15.2706|2|Microsoft.AspNetCore.Hosting.Internal.WebHost|INFO|Request finished in 88.7434ms 200 text/html; charset=utf-8 
2017-07-19 18:47:21.5183|1|Microsoft.AspNetCore.Hosting.Internal.WebHost|INFO|Request starting HTTP/1.1 GET http://localhost:2878/Wiki/Document/3324793835434803200   
2017-07-19 18:47:21.5183|4|Microsoft.AspNetCore.StaticFiles.StaticFileMiddleware|DEBUG|The request path /Wiki/Document/3324793835434803200 does not match a supported file type 
2017-07-19 18:47:21.5183|31|Microsoft.AspNetCore.DataProtection.KeyManagement.KeyRingBasedDataProtector|TRACE|Performing protect operation to key {e3aae49c-869d-4c96-920b-9a774140b0dc} with purposes ('D:\GitHub\Ace\src\DotNetCore\Chloe.Home', 'SessionMiddleware'). 
2017-07-19 18:47:21.5183|24|Microsoft.AspNetCore.ResponseCaching.ResponseCachingMiddleware|INFO|No cached response available for this request. 
2017-07-19 18:47:21.5334|1|Microsoft.AspNetCore.Routing.RouteConstraintMatcher|DEBUG|Route value 'Wiki' with key 'area' did not match the constraint 'Microsoft.AspNetCore.Mvc.Routing.KnownRouteValueConstraint'. 
2017-07-19 18:47:21.5334|1|Microsoft.AspNetCore.Routing.RouteBase|DEBUG|Request successfully matched the route with name 'default' and template '{controller=Home}/{action=Index}/{id?}'. 
2017-07-19 18:47:21.5334|1|Microsoft.AspNetCore.Mvc.Internal.ControllerActionInvoker|DEBUG|Executing action Chloe.Home.Controllers.WikiController.Document (Chloe.Home) 
2017-07-19 18:47:21.5334|1|Microsoft.AspNetCore.Mvc.Internal.ControllerActionInvoker|INFO|Executing action method Chloe.Home.Controllers.WikiController.Document (Chloe.Home) with arguments (3324793835434803200) - ModelState is Valid 
2017-07-19 18:47:21.5535|2|Microsoft.AspNetCore.Mvc.Internal.ControllerActionInvoker|DEBUG|Executed action method Chloe.Home.Controllers.WikiController.Document (Chloe.Home), returned result Microsoft.AspNetCore.Mvc.ViewResult. 
2017-07-19 18:47:21.5535|2|Microsoft.AspNetCore.Mvc.Razor.RazorViewEngine|DEBUG|View lookup cache hit for view 'Document' in controller 'Wiki'. 
2017-07-19 18:47:21.5535|2|Microsoft.AspNetCore.Mvc.ViewFeatures.Internal.ViewResultExecutor|DEBUG|The view 'Document' was found. 
2017-07-19 18:47:21.5615|1|Microsoft.AspNetCore.Mvc.ViewFeatures.Internal.ViewResultExecutor|INFO|Executing ViewResult, running view at path /Views/Wiki/Document.cshtml. 
2017-07-19 18:47:21.5770|2|Microsoft.AspNetCore.Mvc.Internal.ControllerActionInvoker|INFO|Executed action Chloe.Home.Controllers.WikiController.Document (Chloe.Home) in 35.9271ms 
2017-07-19 18:47:21.5770|25|Microsoft.AspNetCore.ResponseCaching.ResponseCachingMiddleware|DEBUG|Vary by rules were updated. Headers: (null), Query keys: ID 
2017-07-19 18:47:21.5770|26|Microsoft.AspNetCore.ResponseCaching.ResponseCachingMiddleware|INFO|The response has been cached. 
2017-07-19 18:47:21.5966|9|Microsoft.AspNetCore.Server.Kestrel|DEBUG|Connection id "0HL6EIDAN9IDB" completed keep alive response. 
2017-07-19 18:47:21.5966|2|Microsoft.AspNetCore.Hosting.Internal.WebHost|INFO|Request finished in 80.5989ms 200 text/html; charset=utf-8 
2017-07-19 18:47:22.2722|1|Microsoft.AspNetCore.Hosting.Internal.WebHost|INFO|Request starting HTTP/1.1 GET http://localhost:2878/Wiki/Document/3324795934096752640   
2017-07-19 18:47:22.2722|4|Microsoft.AspNetCore.StaticFiles.StaticFileMiddleware|DEBUG|The request path /Wiki/Document/3324795934096752640 does not match a supported file type 
2017-07-19 18:47:22.2722|31|Microsoft.AspNetCore.DataProtection.KeyManagement.KeyRingBasedDataProtector|TRACE|Performing protect operation to key {e3aae49c-869d-4c96-920b-9a774140b0dc} with purposes ('D:\GitHub\Ace\src\DotNetCore\Chloe.Home', 'SessionMiddleware'). 
2017-07-19 18:47:22.2804|24|Microsoft.AspNetCore.ResponseCaching.ResponseCachingMiddleware|INFO|No cached response available for this request. 
2017-07-19 18:47:22.2804|1|Microsoft.AspNetCore.Routing.RouteConstraintMatcher|DEBUG|Route value 'Wiki' with key 'area' did not match the constraint 'Microsoft.AspNetCore.Mvc.Routing.KnownRouteValueConstraint'. 
2017-07-19 18:47:22.2804|1|Microsoft.AspNetCore.Routing.RouteBase|DEBUG|Request successfully matched the route with name 'default' and template '{controller=Home}/{action=Index}/{id?}'. 
2017-07-19 18:47:22.2804|1|Microsoft.AspNetCore.Mvc.Internal.ControllerActionInvoker|DEBUG|Executing action Chloe.Home.Controllers.WikiController.Document (Chloe.Home) 
2017-07-19 18:47:22.2804|1|Microsoft.AspNetCore.Mvc.Internal.ControllerActionInvoker|INFO|Executing action method Chloe.Home.Controllers.WikiController.Document (Chloe.Home) with arguments (3324795934096752640) - ModelState is Valid 
2017-07-19 18:47:22.2969|2|Microsoft.AspNetCore.Mvc.Internal.ControllerActionInvoker|DEBUG|Executed action method Chloe.Home.Controllers.WikiController.Document (Chloe.Home), returned result Microsoft.AspNetCore.Mvc.ViewResult. 
2017-07-19 18:47:22.2969|2|Microsoft.AspNetCore.Mvc.Razor.RazorViewEngine|DEBUG|View lookup cache hit for view 'Document' in controller 'Wiki'. 
2017-07-19 18:47:22.2969|2|Microsoft.AspNetCore.Mvc.ViewFeatures.Internal.ViewResultExecutor|DEBUG|The view 'Document' was found. 
2017-07-19 18:47:22.2969|1|Microsoft.AspNetCore.Mvc.ViewFeatures.Internal.ViewResultExecutor|INFO|Executing ViewResult, running view at path /Views/Wiki/Document.cshtml. 
2017-07-19 18:47:22.3150|2|Microsoft.AspNetCore.Mvc.Internal.ControllerActionInvoker|INFO|Executed action Chloe.Home.Controllers.WikiController.Document (Chloe.Home) in 26.1174ms 
2017-07-19 18:47:22.3150|25|Microsoft.AspNetCore.ResponseCaching.ResponseCachingMiddleware|DEBUG|Vary by rules were updated. Headers: (null), Query keys: ID 
2017-07-19 18:47:22.3150|26|Microsoft.AspNetCore.ResponseCaching.ResponseCachingMiddleware|INFO|The response has been cached. 
2017-07-19 18:47:22.3290|9|Microsoft.AspNetCore.Server.Kestrel|DEBUG|Connection id "0HL6EIDAN9IDA" completed keep alive response. 
2017-07-19 18:47:22.3290|2|Microsoft.AspNetCore.Hosting.Internal.WebHost|INFO|Request finished in 60.5022ms 200 text/html; charset=utf-8 
2017-07-19 18:47:23.5992|1|Microsoft.AspNetCore.Hosting.Internal.WebHost|INFO|Request starting HTTP/1.1 GET http://localhost:2878/Wiki/Document/3324802610879266816   
2017-07-19 18:47:23.5992|4|Microsoft.AspNetCore.StaticFiles.StaticFileMiddleware|DEBUG|The request path /Wiki/Document/3324802610879266816 does not match a supported file type 
2017-07-19 18:47:23.5992|31|Microsoft.AspNetCore.DataProtection.KeyManagement.KeyRingBasedDataProtector|TRACE|Performing protect operation to key {e3aae49c-869d-4c96-920b-9a774140b0dc} with purposes ('D:\GitHub\Ace\src\DotNetCore\Chloe.Home', 'SessionMiddleware'). 
2017-07-19 18:47:23.6082|24|Microsoft.AspNetCore.ResponseCaching.ResponseCachingMiddleware|INFO|No cached response available for this request. 
2017-07-19 18:47:23.6082|1|Microsoft.AspNetCore.Routing.RouteConstraintMatcher|DEBUG|Route value 'Wiki' with key 'area' did not match the constraint 'Microsoft.AspNetCore.Mvc.Routing.KnownRouteValueConstraint'. 
2017-07-19 18:47:23.6082|1|Microsoft.AspNetCore.Routing.RouteBase|DEBUG|Request successfully matched the route with name 'default' and template '{controller=Home}/{action=Index}/{id?}'. 
2017-07-19 18:47:23.6082|1|Microsoft.AspNetCore.Mvc.Internal.ControllerActionInvoker|DEBUG|Executing action Chloe.Home.Controllers.WikiController.Document (Chloe.Home) 
2017-07-19 18:47:23.6082|1|Microsoft.AspNetCore.Mvc.Internal.ControllerActionInvoker|INFO|Executing action method Chloe.Home.Controllers.WikiController.Document (Chloe.Home) with arguments (3324802610879266816) - ModelState is Valid 
2017-07-19 18:47:23.6303|2|Microsoft.AspNetCore.Mvc.Internal.ControllerActionInvoker|DEBUG|Executed action method Chloe.Home.Controllers.WikiController.Document (Chloe.Home), returned result Microsoft.AspNetCore.Mvc.ViewResult. 
2017-07-19 18:47:23.6303|2|Microsoft.AspNetCore.Mvc.Razor.RazorViewEngine|DEBUG|View lookup cache hit for view 'Document' in controller 'Wiki'. 
2017-07-19 18:47:23.6303|2|Microsoft.AspNetCore.Mvc.ViewFeatures.Internal.ViewResultExecutor|DEBUG|The view 'Document' was found. 
2017-07-19 18:47:23.6303|1|Microsoft.AspNetCore.Mvc.ViewFeatures.Internal.ViewResultExecutor|INFO|Executing ViewResult, running view at path /Views/Wiki/Document.cshtml. 
2017-07-19 18:47:23.6503|2|Microsoft.AspNetCore.Mvc.Internal.ControllerActionInvoker|INFO|Executed action Chloe.Home.Controllers.WikiController.Document (Chloe.Home) in 30.2323ms 
2017-07-19 18:47:23.6544|25|Microsoft.AspNetCore.ResponseCaching.ResponseCachingMiddleware|DEBUG|Vary by rules were updated. Headers: (null), Query keys: ID 
2017-07-19 18:47:23.6544|26|Microsoft.AspNetCore.ResponseCaching.ResponseCachingMiddleware|INFO|The response has been cached. 
2017-07-19 18:47:23.6544|9|Microsoft.AspNetCore.Server.Kestrel|DEBUG|Connection id "0HL6EIDAN9ID9" completed keep alive response. 
2017-07-19 18:47:23.6544|2|Microsoft.AspNetCore.Hosting.Internal.WebHost|INFO|Request finished in 69.2126ms 200 text/html; charset=utf-8 
2017-07-19 18:47:24.1010|1|Microsoft.AspNetCore.Hosting.Internal.WebHost|INFO|Request starting HTTP/1.1 GET http://localhost:2878/Wiki/Document/3324798423210655744   
2017-07-19 18:47:24.1010|4|Microsoft.AspNetCore.StaticFiles.StaticFileMiddleware|DEBUG|The request path /Wiki/Document/3324798423210655744 does not match a supported file type 
2017-07-19 18:47:24.1010|31|Microsoft.AspNetCore.DataProtection.KeyManagement.KeyRingBasedDataProtector|TRACE|Performing protect operation to key {e3aae49c-869d-4c96-920b-9a774140b0dc} with purposes ('D:\GitHub\Ace\src\DotNetCore\Chloe.Home', 'SessionMiddleware'). 
2017-07-19 18:47:24.1090|24|Microsoft.AspNetCore.ResponseCaching.ResponseCachingMiddleware|INFO|No cached response available for this request. 
2017-07-19 18:47:24.1090|1|Microsoft.AspNetCore.Routing.RouteConstraintMatcher|DEBUG|Route value 'Wiki' with key 'area' did not match the constraint 'Microsoft.AspNetCore.Mvc.Routing.KnownRouteValueConstraint'. 
2017-07-19 18:47:24.1090|1|Microsoft.AspNetCore.Routing.RouteBase|DEBUG|Request successfully matched the route with name 'default' and template '{controller=Home}/{action=Index}/{id?}'. 
2017-07-19 18:47:24.1090|1|Microsoft.AspNetCore.Mvc.Internal.ControllerActionInvoker|DEBUG|Executing action Chloe.Home.Controllers.WikiController.Document (Chloe.Home) 
2017-07-19 18:47:24.1090|1|Microsoft.AspNetCore.Mvc.Internal.ControllerActionInvoker|INFO|Executing action method Chloe.Home.Controllers.WikiController.Document (Chloe.Home) with arguments (3324798423210655744) - ModelState is Valid 
2017-07-19 18:47:24.1301|2|Microsoft.AspNetCore.Mvc.Internal.ControllerActionInvoker|DEBUG|Executed action method Chloe.Home.Controllers.WikiController.Document (Chloe.Home), returned result Microsoft.AspNetCore.Mvc.ViewResult. 
2017-07-19 18:47:24.1301|2|Microsoft.AspNetCore.Mvc.Razor.RazorViewEngine|DEBUG|View lookup cache hit for view 'Document' in controller 'Wiki'. 
2017-07-19 18:47:24.1301|2|Microsoft.AspNetCore.Mvc.ViewFeatures.Internal.ViewResultExecutor|DEBUG|The view 'Document' was found. 
2017-07-19 18:47:24.1301|1|Microsoft.AspNetCore.Mvc.ViewFeatures.Internal.ViewResultExecutor|INFO|Executing ViewResult, running view at path /Views/Wiki/Document.cshtml. 
2017-07-19 18:47:24.1501|2|Microsoft.AspNetCore.Mvc.Internal.ControllerActionInvoker|INFO|Executed action Chloe.Home.Controllers.WikiController.Document (Chloe.Home) in 29.933ms 
2017-07-19 18:47:24.1501|25|Microsoft.AspNetCore.ResponseCaching.ResponseCachingMiddleware|DEBUG|Vary by rules were updated. Headers: (null), Query keys: ID 
2017-07-19 18:47:24.1561|26|Microsoft.AspNetCore.ResponseCaching.ResponseCachingMiddleware|INFO|The response has been cached. 
2017-07-19 18:47:24.1561|9|Microsoft.AspNetCore.Server.Kestrel|DEBUG|Connection id "0HL6EIDAN9IDC" completed keep alive response. 
2017-07-19 18:47:24.1561|2|Microsoft.AspNetCore.Hosting.Internal.WebHost|INFO|Request finished in 63.9402ms 200 text/html; charset=utf-8 
2017-07-19 18:47:25.9279|1|Microsoft.AspNetCore.Hosting.Internal.WebHost|INFO|Request starting HTTP/1.1 GET http://localhost:2878/Wiki/Document/3324837762527395840   
2017-07-19 18:47:25.9279|4|Microsoft.AspNetCore.StaticFiles.StaticFileMiddleware|DEBUG|The request path /Wiki/Document/3324837762527395840 does not match a supported file type 
2017-07-19 18:47:25.9360|31|Microsoft.AspNetCore.DataProtection.KeyManagement.KeyRingBasedDataProtector|TRACE|Performing protect operation to key {e3aae49c-869d-4c96-920b-9a774140b0dc} with purposes ('D:\GitHub\Ace\src\DotNetCore\Chloe.Home', 'SessionMiddleware'). 
2017-07-19 18:47:25.9360|24|Microsoft.AspNetCore.ResponseCaching.ResponseCachingMiddleware|INFO|No cached response available for this request. 
2017-07-19 18:47:25.9360|1|Microsoft.AspNetCore.Routing.RouteConstraintMatcher|DEBUG|Route value 'Wiki' with key 'area' did not match the constraint 'Microsoft.AspNetCore.Mvc.Routing.KnownRouteValueConstraint'. 
2017-07-19 18:47:25.9360|1|Microsoft.AspNetCore.Routing.RouteBase|DEBUG|Request successfully matched the route with name 'default' and template '{controller=Home}/{action=Index}/{id?}'. 
2017-07-19 18:47:25.9360|1|Microsoft.AspNetCore.Mvc.Internal.ControllerActionInvoker|DEBUG|Executing action Chloe.Home.Controllers.WikiController.Document (Chloe.Home) 
2017-07-19 18:47:25.9360|1|Microsoft.AspNetCore.Mvc.Internal.ControllerActionInvoker|INFO|Executing action method Chloe.Home.Controllers.WikiController.Document (Chloe.Home) with arguments (3324837762527395840) - ModelState is Valid 
2017-07-19 18:47:25.9600|2|Microsoft.AspNetCore.Mvc.Internal.ControllerActionInvoker|DEBUG|Executed action method Chloe.Home.Controllers.WikiController.Document (Chloe.Home), returned result Microsoft.AspNetCore.Mvc.ViewResult. 
2017-07-19 18:47:25.9600|2|Microsoft.AspNetCore.Mvc.Razor.RazorViewEngine|DEBUG|View lookup cache hit for view 'Document' in controller 'Wiki'. 
2017-07-19 18:47:25.9600|2|Microsoft.AspNetCore.Mvc.ViewFeatures.Internal.ViewResultExecutor|DEBUG|The view 'Document' was found. 
2017-07-19 18:47:25.9600|1|Microsoft.AspNetCore.Mvc.ViewFeatures.Internal.ViewResultExecutor|INFO|Executing ViewResult, running view at path /Views/Wiki/Document.cshtml. 
2017-07-19 18:47:25.9796|2|Microsoft.AspNetCore.Mvc.Internal.ControllerActionInvoker|INFO|Executed action Chloe.Home.Controllers.WikiController.Document (Chloe.Home) in 30.2146ms 
2017-07-19 18:47:25.9831|25|Microsoft.AspNetCore.ResponseCaching.ResponseCachingMiddleware|DEBUG|Vary by rules were updated. Headers: (null), Query keys: ID 
2017-07-19 18:47:25.9831|26|Microsoft.AspNetCore.ResponseCaching.ResponseCachingMiddleware|INFO|The response has been cached. 
2017-07-19 18:47:25.9831|9|Microsoft.AspNetCore.Server.Kestrel|DEBUG|Connection id "0HL6EIDAN9ID8" completed keep alive response. 
2017-07-19 18:47:25.9831|2|Microsoft.AspNetCore.Hosting.Internal.WebHost|INFO|Request finished in 66.7478ms 200 text/html; charset=utf-8 
2017-07-19 18:47:26.5349|1|Microsoft.AspNetCore.Hosting.Internal.WebHost|INFO|Request starting HTTP/1.1 GET http://localhost:2878/Wiki/Document/3324837619082199040   
2017-07-19 18:47:26.5349|4|Microsoft.AspNetCore.StaticFiles.StaticFileMiddleware|DEBUG|The request path /Wiki/Document/3324837619082199040 does not match a supported file type 
2017-07-19 18:47:26.5349|31|Microsoft.AspNetCore.DataProtection.KeyManagement.KeyRingBasedDataProtector|TRACE|Performing protect operation to key {e3aae49c-869d-4c96-920b-9a774140b0dc} with purposes ('D:\GitHub\Ace\src\DotNetCore\Chloe.Home', 'SessionMiddleware'). 
2017-07-19 18:47:26.5459|24|Microsoft.AspNetCore.ResponseCaching.ResponseCachingMiddleware|INFO|No cached response available for this request. 
2017-07-19 18:47:26.5459|1|Microsoft.AspNetCore.Routing.RouteConstraintMatcher|DEBUG|Route value 'Wiki' with key 'area' did not match the constraint 'Microsoft.AspNetCore.Mvc.Routing.KnownRouteValueConstraint'. 
2017-07-19 18:47:26.5459|1|Microsoft.AspNetCore.Routing.RouteBase|DEBUG|Request successfully matched the route with name 'default' and template '{controller=Home}/{action=Index}/{id?}'. 
2017-07-19 18:47:26.5459|1|Microsoft.AspNetCore.Mvc.Internal.ControllerActionInvoker|DEBUG|Executing action Chloe.Home.Controllers.WikiController.Document (Chloe.Home) 
2017-07-19 18:47:26.5459|1|Microsoft.AspNetCore.Mvc.Internal.ControllerActionInvoker|INFO|Executing action method Chloe.Home.Controllers.WikiController.Document (Chloe.Home) with arguments (3324837619082199040) - ModelState is Valid 
2017-07-19 18:47:26.5700|2|Microsoft.AspNetCore.Mvc.Internal.ControllerActionInvoker|DEBUG|Executed action method Chloe.Home.Controllers.WikiController.Document (Chloe.Home), returned result Microsoft.AspNetCore.Mvc.ViewResult. 
2017-07-19 18:47:26.5700|2|Microsoft.AspNetCore.Mvc.Razor.RazorViewEngine|DEBUG|View lookup cache hit for view 'Document' in controller 'Wiki'. 
2017-07-19 18:47:26.5700|2|Microsoft.AspNetCore.Mvc.ViewFeatures.Internal.ViewResultExecutor|DEBUG|The view 'Document' was found. 
2017-07-19 18:47:26.5775|1|Microsoft.AspNetCore.Mvc.ViewFeatures.Internal.ViewResultExecutor|INFO|Executing ViewResult, running view at path /Views/Wiki/Document.cshtml. 
2017-07-19 18:47:26.5926|2|Microsoft.AspNetCore.Mvc.Internal.ControllerActionInvoker|INFO|Executed action Chloe.Home.Controllers.WikiController.Document (Chloe.Home) in 34.5612ms 
2017-07-19 18:47:26.5926|25|Microsoft.AspNetCore.ResponseCaching.ResponseCachingMiddleware|DEBUG|Vary by rules were updated. Headers: (null), Query keys: ID 
2017-07-19 18:47:26.5926|26|Microsoft.AspNetCore.ResponseCaching.ResponseCachingMiddleware|INFO|The response has been cached. 
2017-07-19 18:47:26.5926|9|Microsoft.AspNetCore.Server.Kestrel|DEBUG|Connection id "0HL6EIDAN9IDD" completed keep alive response. 
2017-07-19 18:47:26.5926|2|Microsoft.AspNetCore.Hosting.Internal.WebHost|INFO|Request finished in 71.9474ms 200 text/html; charset=utf-8 
2017-07-19 18:47:27.1349|1|Microsoft.AspNetCore.Hosting.Internal.WebHost|INFO|Request starting HTTP/1.1 GET http://localhost:2878/Wiki/Document/3324834901575860224   
2017-07-19 18:47:27.1390|4|Microsoft.AspNetCore.StaticFiles.StaticFileMiddleware|DEBUG|The request path /Wiki/Document/3324834901575860224 does not match a supported file type 
2017-07-19 18:47:27.1390|31|Microsoft.AspNetCore.DataProtection.KeyManagement.KeyRingBasedDataProtector|TRACE|Performing protect operation to key {e3aae49c-869d-4c96-920b-9a774140b0dc} with purposes ('D:\GitHub\Ace\src\DotNetCore\Chloe.Home', 'SessionMiddleware'). 
2017-07-19 18:47:27.1390|24|Microsoft.AspNetCore.ResponseCaching.ResponseCachingMiddleware|INFO|No cached response available for this request. 
2017-07-19 18:47:27.1390|1|Microsoft.AspNetCore.Routing.RouteConstraintMatcher|DEBUG|Route value 'Wiki' with key 'area' did not match the constraint 'Microsoft.AspNetCore.Mvc.Routing.KnownRouteValueConstraint'. 
2017-07-19 18:47:27.1390|1|Microsoft.AspNetCore.Routing.RouteBase|DEBUG|Request successfully matched the route with name 'default' and template '{controller=Home}/{action=Index}/{id?}'. 
2017-07-19 18:47:27.1390|1|Microsoft.AspNetCore.Mvc.Internal.ControllerActionInvoker|DEBUG|Executing action Chloe.Home.Controllers.WikiController.Document (Chloe.Home) 
2017-07-19 18:47:27.1390|1|Microsoft.AspNetCore.Mvc.Internal.ControllerActionInvoker|INFO|Executing action method Chloe.Home.Controllers.WikiController.Document (Chloe.Home) with arguments (3324834901575860224) - ModelState is Valid 
2017-07-19 18:47:27.1630|2|Microsoft.AspNetCore.Mvc.Internal.ControllerActionInvoker|DEBUG|Executed action method Chloe.Home.Controllers.WikiController.Document (Chloe.Home), returned result Microsoft.AspNetCore.Mvc.ViewResult. 
2017-07-19 18:47:27.1630|2|Microsoft.AspNetCore.Mvc.Razor.RazorViewEngine|DEBUG|View lookup cache hit for view 'Document' in controller 'Wiki'. 
2017-07-19 18:47:27.1630|2|Microsoft.AspNetCore.Mvc.ViewFeatures.Internal.ViewResultExecutor|DEBUG|The view 'Document' was found. 
2017-07-19 18:47:27.1700|1|Microsoft.AspNetCore.Mvc.ViewFeatures.Internal.ViewResultExecutor|INFO|Executing ViewResult, running view at path /Views/Wiki/Document.cshtml. 
2017-07-19 18:47:27.1700|2|Microsoft.AspNetCore.Mvc.Internal.ControllerActionInvoker|INFO|Executed action Chloe.Home.Controllers.WikiController.Document (Chloe.Home) in 30.5523ms 
2017-07-19 18:47:27.1876|25|Microsoft.AspNetCore.ResponseCaching.ResponseCachingMiddleware|DEBUG|Vary by rules were updated. Headers: (null), Query keys: ID 
2017-07-19 18:47:27.1876|26|Microsoft.AspNetCore.ResponseCaching.ResponseCachingMiddleware|INFO|The response has been cached. 
2017-07-19 18:47:27.1876|9|Microsoft.AspNetCore.Server.Kestrel|DEBUG|Connection id "0HL6EIDAN9IDB" completed keep alive response. 
2017-07-19 18:47:27.1876|2|Microsoft.AspNetCore.Hosting.Internal.WebHost|INFO|Request finished in 64.1331ms 200 text/html; charset=utf-8 
2017-07-19 18:47:27.6530|1|Microsoft.AspNetCore.Hosting.Internal.WebHost|INFO|Request starting HTTP/1.1 GET http://localhost:2878/Wiki/Document/3324833832581988352   
2017-07-19 18:47:27.6570|4|Microsoft.AspNetCore.StaticFiles.StaticFileMiddleware|DEBUG|The request path /Wiki/Document/3324833832581988352 does not match a supported file type 
2017-07-19 18:47:27.6570|31|Microsoft.AspNetCore.DataProtection.KeyManagement.KeyRingBasedDataProtector|TRACE|Performing protect operation to key {e3aae49c-869d-4c96-920b-9a774140b0dc} with purposes ('D:\GitHub\Ace\src\DotNetCore\Chloe.Home', 'SessionMiddleware'). 
2017-07-19 18:47:27.6570|24|Microsoft.AspNetCore.ResponseCaching.ResponseCachingMiddleware|INFO|No cached response available for this request. 
2017-07-19 18:47:27.6570|1|Microsoft.AspNetCore.Routing.RouteConstraintMatcher|DEBUG|Route value 'Wiki' with key 'area' did not match the constraint 'Microsoft.AspNetCore.Mvc.Routing.KnownRouteValueConstraint'. 
2017-07-19 18:47:27.6570|1|Microsoft.AspNetCore.Routing.RouteBase|DEBUG|Request successfully matched the route with name 'default' and template '{controller=Home}/{action=Index}/{id?}'. 
2017-07-19 18:47:27.6570|1|Microsoft.AspNetCore.Mvc.Internal.ControllerActionInvoker|DEBUG|Executing action Chloe.Home.Controllers.WikiController.Document (Chloe.Home) 
2017-07-19 18:47:27.6710|1|Microsoft.AspNetCore.Mvc.Internal.ControllerActionInvoker|INFO|Executing action method Chloe.Home.Controllers.WikiController.Document (Chloe.Home) with arguments (3324833832581988352) - ModelState is Valid 
2017-07-19 18:47:27.6710|2|Microsoft.AspNetCore.Mvc.Internal.ControllerActionInvoker|DEBUG|Executed action method Chloe.Home.Controllers.WikiController.Document (Chloe.Home), returned result Microsoft.AspNetCore.Mvc.ViewResult. 
2017-07-19 18:47:27.6710|2|Microsoft.AspNetCore.Mvc.Razor.RazorViewEngine|DEBUG|View lookup cache hit for view 'Document' in controller 'Wiki'. 
2017-07-19 18:47:27.6710|2|Microsoft.AspNetCore.Mvc.ViewFeatures.Internal.ViewResultExecutor|DEBUG|The view 'Document' was found. 
2017-07-19 18:47:27.6710|1|Microsoft.AspNetCore.Mvc.ViewFeatures.Internal.ViewResultExecutor|INFO|Executing ViewResult, running view at path /Views/Wiki/Document.cshtml. 
2017-07-19 18:47:27.6966|2|Microsoft.AspNetCore.Mvc.Internal.ControllerActionInvoker|INFO|Executed action Chloe.Home.Controllers.WikiController.Document (Chloe.Home) in 26.0903ms 
2017-07-19 18:47:27.6966|25|Microsoft.AspNetCore.ResponseCaching.ResponseCachingMiddleware|DEBUG|Vary by rules were updated. Headers: (null), Query keys: ID 
2017-07-19 18:47:27.7026|26|Microsoft.AspNetCore.ResponseCaching.ResponseCachingMiddleware|INFO|The response has been cached. 
2017-07-19 18:47:27.7026|9|Microsoft.AspNetCore.Server.Kestrel|DEBUG|Connection id "0HL6EIDAN9IDA" completed keep alive response. 
2017-07-19 18:47:27.7026|2|Microsoft.AspNetCore.Hosting.Internal.WebHost|INFO|Request finished in 57.3539ms 200 text/html; charset=utf-8 
